<?xml version="1.0" encoding="UTF-8"?>
<coverage generated="1746754037907" clover="3.2.0">
  <project timestamp="1746754037907" name="All files">
    <metrics statements="13" coveredstatements="11" conditionals="2" coveredconditionals="0" methods="5" coveredmethods="4" elements="20" coveredelements="15" complexity="0" loc="13" ncloc="13" packages="1" files="1" classes="1"/>
    <file name="App.js" path="D:\USUARIO\Desktop\ContadorReact\contador-app\src\App.js">
      <metrics statements="13" coveredstatements="11" conditionals="2" coveredconditionals="0" methods="5" coveredmethods="4"/>
      <line num="4" count="8" type="stmt"/>
      <line num="5" count="8" type="stmt"/>
      <line num="6" count="8" type="stmt"/>
      <line num="8" count="8" type="stmt"/>
      <line num="9" count="2" type="stmt"/>
      <line num="12" count="8" type="stmt"/>
      <line num="13" count="1" type="stmt"/>
      <line num="16" count="8" type="stmt"/>
      <line num="17" count="1" type="stmt"/>
      <line num="20" count="8" type="stmt"/>
      <line num="21" count="0" type="stmt"/>
      <line num="22" count="0" type="cond" truecount="0" falsecount="2"/>
      <line num="26" count="8" type="stmt"/>
    </file>
  </project>
</coverage>
